<?xml version="1.0" encoding="UTF-8"?>
<coverage generated="1772322292804" clover="3.2.0">
  <project timestamp="1772322292804" name="All files">
    <metrics statements="75" coveredstatements="58" conditionals="77" coveredconditionals="50" methods="10" coveredmethods="9" elements="162" coveredelements="117" complexity="0" loc="75" ncloc="75" packages="1" files="1" classes="1"/>
    <file name="handler.js" path="C:\Users\cesar\GitHub\proyecto-portafolio-22\spaces-service\src\handler.js">
      <metrics statements="75" coveredstatements="58" conditionals="77" coveredconditionals="50" methods="10" coveredmethods="9"/>
      <line num="8" count="1" type="stmt"/>
      <line num="9" count="1" type="stmt"/>
      <line num="10" count="1" type="stmt"/>
      <line num="11" count="1" type="stmt"/>
      <line num="13" count="1" type="cond" truecount="2" falsecount="0"/>
      <line num="14" count="1" type="cond" truecount="2" falsecount="0"/>
      <line num="17" count="1" type="stmt"/>
      <line num="22" count="1" type="stmt"/>
      <line num="24" count="9" type="stmt"/>
      <line num="31" count="1" type="stmt"/>
      <line num="32" count="4" type="cond" truecount="3" falsecount="0"/>
      <line num="33" count="4" type="stmt"/>
      <line num="34" count="4" type="cond" truecount="2" falsecount="0"/>
      <line num="35" count="3" type="stmt"/>
      <line num="39" count="1" type="stmt"/>
      <line num="40" count="3" type="stmt"/>
      <line num="41" count="3" type="cond" truecount="1" falsecount="1"/>
      <line num="45" count="1" type="stmt"/>
      <line num="46" count="2" type="stmt"/>
      <line num="47" count="2" type="cond" truecount="1" falsecount="1"/>
      <line num="48" count="2" type="stmt"/>
      <line num="52" count="1" type="stmt"/>
      <line num="53" count="2" type="cond" truecount="1" falsecount="1"/>
      <line num="54" count="2" type="cond" truecount="1" falsecount="1"/>
      <line num="56" count="2" type="stmt"/>
      <line num="61" count="2" type="cond" truecount="2" falsecount="0"/>
      <line num="62" count="1" type="stmt"/>
      <line num="66" count="1" type="stmt"/>
      <line num="67" count="3" type="stmt"/>
      <line num="68" count="2" type="cond" truecount="1" falsecount="1"/>
      <line num="70" count="2" type="cond" truecount="4" falsecount="0"/>
      <line num="71" count="1" type="stmt"/>
      <line num="74" count="1" type="stmt"/>
      <line num="75" count="1" type="stmt"/>
      <line num="85" count="1" type="stmt"/>
      <line num="90" count="1" type="stmt"/>
      <line num="94" count="1" type="stmt"/>
      <line num="95" count="0" type="stmt"/>
      <line num="96" count="0" type="cond" truecount="0" falsecount="2"/>
      <line num="97" count="0" type="cond" truecount="0" falsecount="2"/>
      <line num="99" count="0" type="cond" truecount="0" falsecount="2"/>
      <line num="100" count="0" type="stmt"/>
      <line num="101" count="0" type="stmt"/>
      <line num="102" count="0" type="stmt"/>
      <line num="104" count="0" type="stmt"/>
      <line num="105" count="0" type="cond" truecount="0" falsecount="2"/>
      <line num="106" count="0" type="stmt"/>
      <line num="107" count="0" type="stmt"/>
      <line num="108" count="0" type="stmt"/>
      <line num="111" count="0" type="cond" truecount="0" falsecount="2"/>
      <line num="112" count="0" type="stmt"/>
      <line num="115" count="0" type="stmt"/>
      <line num="123" count="0" type="stmt"/>
      <line num="127" count="1" type="stmt"/>
      <line num="128" count="1" type="stmt"/>
      <line num="129" count="1" type="cond" truecount="1" falsecount="1"/>
      <line num="130" count="1" type="cond" truecount="1" falsecount="1"/>
      <line num="132" count="1" type="stmt"/>
      <line num="137" count="1" type="stmt"/>
      <line num="141" count="1" type="stmt"/>
      <line num="142" count="9" type="stmt"/>
      <line num="143" count="9" type="cond" truecount="1" falsecount="2"/>
      <line num="144" count="9" type="cond" truecount="1" falsecount="2"/>
      <line num="146" count="9" type="stmt"/>
      <line num="147" count="9" type="cond" truecount="4" falsecount="0"/>
      <line num="148" count="7" type="cond" truecount="4" falsecount="0"/>
      <line num="149" count="5" type="cond" truecount="4" falsecount="0"/>
      <line num="150" count="2" type="cond" truecount="2" falsecount="2"/>
      <line num="151" count="2" type="cond" truecount="4" falsecount="0"/>
      <line num="152" count="1" type="stmt"/>
      <line num="154" count="1" type="stmt"/>
      <line num="155" count="1" type="cond" truecount="2" falsecount="2"/>
      <line num="156" count="1" type="stmt"/>
      <line num="158" count="0" type="stmt"/>
      <line num="162" count="1" type="stmt"/>
    </file>
  </project>
</coverage>
