{"C:\\Users\\cesar\\GitHub\\proyecto-portafolio-22\\spaces-service\\src\\handler.js": {"path":"C:\\Users\\cesar\\GitHub\\proyecto-portafolio-22\\spaces-service\\src\\handler.js","statementMap":{"0":{"start":{"line":8,"column":4},"end":{"line":8,"column":39}},"1":{"start":{"line":9,"column":33},"end":{"line":9,"column":66}},"2":{"start":{"line":10,"column":12},"end":{"line":10,"column":35}},"3":{"start":{"line":11,"column":23},"end":{"line":11,"column":38}},"4":{"start":{"line":13,"column":19},"end":{"line":13,"column":55}},"5":{"start":{"line":14,"column":19},"end":{"line":14,"column":72}},"6":{"start":{"line":17,"column":15},"end":{"line":20,"column":2}},"7":{"start":{"line":22,"column":20},"end":{"line":22,"column":54}},"8":{"start":{"line":22,"column":34},"end":{"line":22,"column":52}},"9":{"start":{"line":24,"column":17},"end":{"line":28,"column":2}},"10":{"start":{"line":24,"column":40},"end":{"line":28,"column":1}},"11":{"start":{"line":31,"column":20},"end":{"line":36,"column":1}},"12":{"start":{"line":32,"column":15},"end":{"line":32,"column":81}},"13":{"start":{"line":33,"column":16},"end":{"line":33,"column":50}},"14":{"start":{"line":34,"column":2},"end":{"line":34,"column":103}},"15":{"start":{"line":34,"column":26},"end":{"line":34,"column":61}},"16":{"start":{"line":34,"column":63},"end":{"line":34,"column":92}},"17":{"start":{"line":34,"column":93},"end":{"line":34,"column":101}},"18":{"start":{"line":35,"column":2},"end":{"line":35,"column":39}},"19":{"start":{"line":39,"column":18},"end":{"line":42,"column":1}},"20":{"start":{"line":40,"column":16},"end":{"line":40,"column":47}},"21":{"start":{"line":41,"column":2},"end":{"line":41,"column":60}},"22":{"start":{"line":45,"column":19},"end":{"line":49,"column":1}},"23":{"start":{"line":46,"column":17},"end":{"line":46,"column":80}},"24":{"start":{"line":47,"column":17},"end":{"line":47,"column":53}},"25":{"start":{"line":48,"column":2},"end":{"line":48,"column":35}},"26":{"start":{"line":52,"column":17},"end":{"line":63,"column":1}},"27":{"start":{"line":53,"column":18},"end":{"line":53,"column":45}},"28":{"start":{"line":54,"column":2},"end":{"line":54,"column":64}},"29":{"start":{"line":54,"column":16},"end":{"line":54,"column":64}},"30":{"start":{"line":56,"column":17},"end":{"line":59,"column":5}},"31":{"start":{"line":61,"column":2},"end":{"line":61,"column":77}},"32":{"start":{"line":61,"column":20},"end":{"line":61,"column":77}},"33":{"start":{"line":62,"column":2},"end":{"line":62,"column":59}},"34":{"start":{"line":66,"column":20},"end":{"line":91,"column":1}},"35":{"start":{"line":67,"column":2},"end":{"line":67,"column":21}},"36":{"start":{"line":68,"column":52},"end":{"line":68,"column":82}},"37":{"start":{"line":70,"column":2},"end":{"line":72,"column":3}},"38":{"start":{"line":71,"column":4},"end":{"line":71,"column":70}},"39":{"start":{"line":74,"column":18},"end":{"line":74,"column":26}},"40":{"start":{"line":75,"column":16},"end":{"line":83,"column":3}},"41":{"start":{"line":85,"column":2},"end":{"line":88,"column":6}},"42":{"start":{"line":90,"column":2},"end":{"line":90,"column":61}},"43":{"start":{"line":94,"column":20},"end":{"line":124,"column":1}},"44":{"start":{"line":95,"column":2},"end":{"line":95,"column":21}},"45":{"start":{"line":96,"column":18},"end":{"line":96,"column":45}},"46":{"start":{"line":97,"column":2},"end":{"line":97,"column":64}},"47":{"start":{"line":97,"column":16},"end":{"line":97,"column":64}},"48":{"start":{"line":99,"column":18},"end":{"line":99,"column":48}},"49":{"start":{"line":100,"column":28},"end":{"line":100,"column":30}},"50":{"start":{"line":101,"column":27},"end":{"line":101,"column":29}},"51":{"start":{"line":102,"column":26},"end":{"line":102,"column":28}},"52":{"start":{"line":104,"column":2},"end":{"line":109,"column":3}},"53":{"start":{"line":105,"column":4},"end":{"line":105,"column":36}},"54":{"start":{"line":105,"column":27},"end":{"line":105,"column":36}},"55":{"start":{"line":106,"column":4},"end":{"line":106,"column":48}},"56":{"start":{"line":107,"column":4},"end":{"line":107,"column":37}},"57":{"start":{"line":108,"column":4},"end":{"line":108,"column":40}},"58":{"start":{"line":111,"column":2},"end":{"line":113,"column":3}},"59":{"start":{"line":112,"column":4},"end":{"line":112,"column":69}},"60":{"start":{"line":115,"column":2},"end":{"line":121,"column":6}},"61":{"start":{"line":123,"column":2},"end":{"line":123,"column":68}},"62":{"start":{"line":127,"column":20},"end":{"line":138,"column":1}},"63":{"start":{"line":128,"column":2},"end":{"line":128,"column":21}},"64":{"start":{"line":129,"column":18},"end":{"line":129,"column":45}},"65":{"start":{"line":130,"column":2},"end":{"line":130,"column":64}},"66":{"start":{"line":130,"column":16},"end":{"line":130,"column":64}},"67":{"start":{"line":132,"column":2},"end":{"line":135,"column":6}},"68":{"start":{"line":137,"column":2},"end":{"line":137,"column":66}},"69":{"start":{"line":141,"column":0},"end":{"line":160,"column":2}},"70":{"start":{"line":142,"column":2},"end":{"line":142,"column":54}},"71":{"start":{"line":143,"column":15},"end":{"line":143,"column":48}},"72":{"start":{"line":144,"column":17},"end":{"line":144,"column":77}},"73":{"start":{"line":146,"column":2},"end":{"line":159,"column":3}},"74":{"start":{"line":147,"column":4},"end":{"line":147,"column":89}},"75":{"start":{"line":147,"column":58},"end":{"line":147,"column":89}},"76":{"start":{"line":148,"column":4},"end":{"line":148,"column":89}},"77":{"start":{"line":148,"column":60},"end":{"line":148,"column":89}},"78":{"start":{"line":149,"column":4},"end":{"line":149,"column":90}},"79":{"start":{"line":149,"column":58},"end":{"line":149,"column":90}},"80":{"start":{"line":150,"column":4},"end":{"line":150,"column":92}},"81":{"start":{"line":150,"column":60},"end":{"line":150,"column":92}},"82":{"start":{"line":151,"column":4},"end":{"line":151,"column":92}},"83":{"start":{"line":151,"column":60},"end":{"line":151,"column":92}},"84":{"start":{"line":152,"column":4},"end":{"line":152,"column":58}},"85":{"start":{"line":154,"column":4},"end":{"line":154,"column":33}},"86":{"start":{"line":155,"column":4},"end":{"line":157,"column":5}},"87":{"start":{"line":156,"column":6},"end":{"line":156,"column":67}},"88":{"start":{"line":158,"column":4},"end":{"line":158,"column":66}},"89":{"start":{"line":162,"column":0},"end":{"line":162,"column":34}}},"fnMap":{"0":{"name":"(anonymous_0)","decl":{"start":{"line":22,"column":20},"end":{"line":22,"column":21}},"loc":{"start":{"line":22,"column":32},"end":{"line":22,"column":54}},"line":22},"1":{"name":"(anonymous_1)","decl":{"start":{"line":24,"column":17},"end":{"line":24,"column":18}},"loc":{"start":{"line":24,"column":40},"end":{"line":28,"column":1}},"line":24},"2":{"name":"(anonymous_2)","decl":{"start":{"line":31,"column":20},"end":{"line":31,"column":21}},"loc":{"start":{"line":31,"column":31},"end":{"line":36,"column":1}},"line":31},"3":{"name":"(anonymous_3)","decl":{"start":{"line":39,"column":18},"end":{"line":39,"column":19}},"loc":{"start":{"line":39,"column":28},"end":{"line":42,"column":1}},"line":39},"4":{"name":"(anonymous_4)","decl":{"start":{"line":45,"column":19},"end":{"line":45,"column":20}},"loc":{"start":{"line":45,"column":31},"end":{"line":49,"column":1}},"line":45},"5":{"name":"(anonymous_5)","decl":{"start":{"line":52,"column":17},"end":{"line":52,"column":18}},"loc":{"start":{"line":52,"column":34},"end":{"line":63,"column":1}},"line":52},"6":{"name":"(anonymous_6)","decl":{"start":{"line":66,"column":20},"end":{"line":66,"column":21}},"loc":{"start":{"line":66,"column":37},"end":{"line":91,"column":1}},"line":66},"7":{"name":"(anonymous_7)","decl":{"start":{"line":94,"column":20},"end":{"line":94,"column":21}},"loc":{"start":{"line":94,"column":37},"end":{"line":124,"column":1}},"line":94},"8":{"name":"(anonymous_8)","decl":{"start":{"line":127,"column":20},"end":{"line":127,"column":21}},"loc":{"start":{"line":127,"column":37},"end":{"line":138,"column":1}},"line":127},"9":{"name":"(anonymous_9)","decl":{"start":{"line":141,"column":18},"end":{"line":141,"column":19}},"loc":{"start":{"line":141,"column":35},"end":{"line":160,"column":1}},"line":141}},"branchMap":{"0":{"loc":{"start":{"line":13,"column":19},"end":{"line":13,"column":55}},"type":"binary-expr","locations":[{"start":{"line":13,"column":19},"end":{"line":13,"column":43}},{"start":{"line":13,"column":47},"end":{"line":13,"column":55}}],"line":13},"1":{"loc":{"start":{"line":14,"column":19},"end":{"line":14,"column":72}},"type":"binary-expr","locations":[{"start":{"line":14,"column":19},"end":{"line":14,"column":41}},{"start":{"line":14,"column":45},"end":{"line":14,"column":72}}],"line":14},"2":{"loc":{"start":{"line":18,"column":10},"end":{"line":18,"column":47}},"type":"binary-expr","locations":[{"start":{"line":18,"column":10},"end":{"line":18,"column":32}},{"start":{"line":18,"column":36},"end":{"line":18,"column":47}}],"line":18},"3":{"loc":{"start":{"line":19,"column":6},"end":{"line":19,"column":82}},"type":"binary-expr","locations":[{"start":{"line":19,"column":6},"end":{"line":19,"column":35}},{"start":{"line":19,"column":39},"end":{"line":19,"column":82}}],"line":19},"4":{"loc":{"start":{"line":32,"column":15},"end":{"line":32,"column":81}},"type":"binary-expr","locations":[{"start":{"line":32,"column":15},"end":{"line":32,"column":43}},{"start":{"line":32,"column":47},"end":{"line":32,"column":75}},{"start":{"line":32,"column":79},"end":{"line":32,"column":81}}],"line":32},"5":{"loc":{"start":{"line":34,"column":2},"end":{"line":34,"column":103}},"type":"if","locations":[{"start":{"line":34,"column":2},"end":{"line":34,"column":103}},{"start":{},"end":{}}],"line":34},"6":{"loc":{"start":{"line":41,"column":9},"end":{"line":41,"column":59}},"type":"cond-expr","locations":[{"start":{"line":41,"column":29},"end":{"line":41,"column":52}},{"start":{"line":41,"column":55},"end":{"line":41,"column":59}}],"line":41},"7":{"loc":{"start":{"line":47,"column":18},"end":{"line":47,"column":36}},"type":"binary-expr","locations":[{"start":{"line":47,"column":18},"end":{"line":47,"column":30}},{"start":{"line":47,"column":34},"end":{"line":47,"column":36}}],"line":47},"8":{"loc":{"start":{"line":53,"column":28},"end":{"line":53,"column":44}},"type":"binary-expr","locations":[{"start":{"line":53,"column":28},"end":{"line":53,"column":38}},{"start":{"line":53,"column":42},"end":{"line":53,"column":44}}],"line":53},"9":{"loc":{"start":{"line":54,"column":2},"end":{"line":54,"column":64}},"type":"if","locations":[{"start":{"line":54,"column":2},"end":{"line":54,"column":64}},{"start":{},"end":{}}],"line":54},"10":{"loc":{"start":{"line":61,"column":2},"end":{"line":61,"column":77}},"type":"if","locations":[{"start":{"line":61,"column":2},"end":{"line":61,"column":77}},{"start":{},"end":{}}],"line":61},"11":{"loc":{"start":{"line":68,"column":63},"end":{"line":68,"column":81}},"type":"binary-expr","locations":[{"start":{"line":68,"column":63},"end":{"line":68,"column":73}},{"start":{"line":68,"column":77},"end":{"line":68,"column":81}}],"line":68},"12":{"loc":{"start":{"line":70,"column":2},"end":{"line":72,"column":3}},"type":"if","locations":[{"start":{"line":70,"column":2},"end":{"line":72,"column":3}},{"start":{},"end":{}}],"line":70},"13":{"loc":{"start":{"line":70,"column":6},"end":{"line":70,"column":24}},"type":"binary-expr","locations":[{"start":{"line":70,"column":6},"end":{"line":70,"column":11}},{"start":{"line":70,"column":15},"end":{"line":70,"column":24}}],"line":70},"14":{"loc":{"start":{"line":78,"column":17},"end":{"line":78,"column":34}},"type":"binary-expr","locations":[{"start":{"line":78,"column":17},"end":{"line":78,"column":28}},{"start":{"line":78,"column":32},"end":{"line":78,"column":34}}],"line":78},"15":{"loc":{"start":{"line":80,"column":14},"end":{"line":80,"column":28}},"type":"binary-expr","locations":[{"start":{"line":80,"column":14},"end":{"line":80,"column":22}},{"start":{"line":80,"column":26},"end":{"line":80,"column":28}}],"line":80},"16":{"loc":{"start":{"line":96,"column":28},"end":{"line":96,"column":44}},"type":"binary-expr","locations":[{"start":{"line":96,"column":28},"end":{"line":96,"column":38}},{"start":{"line":96,"column":42},"end":{"line":96,"column":44}}],"line":96},"17":{"loc":{"start":{"line":97,"column":2},"end":{"line":97,"column":64}},"type":"if","locations":[{"start":{"line":97,"column":2},"end":{"line":97,"column":64}},{"start":{},"end":{}}],"line":97},"18":{"loc":{"start":{"line":99,"column":29},"end":{"line":99,"column":47}},"type":"binary-expr","locations":[{"start":{"line":99,"column":29},"end":{"line":99,"column":39}},{"start":{"line":99,"column":43},"end":{"line":99,"column":47}}],"line":99},"19":{"loc":{"start":{"line":105,"column":4},"end":{"line":105,"column":36}},"type":"if","locations":[{"start":{"line":105,"column":4},"end":{"line":105,"column":36}},{"start":{},"end":{}}],"line":105},"20":{"loc":{"start":{"line":111,"column":2},"end":{"line":113,"column":3}},"type":"if","locations":[{"start":{"line":111,"column":2},"end":{"line":113,"column":3}},{"start":{},"end":{}}],"line":111},"21":{"loc":{"start":{"line":129,"column":28},"end":{"line":129,"column":44}},"type":"binary-expr","locations":[{"start":{"line":129,"column":28},"end":{"line":129,"column":38}},{"start":{"line":129,"column":42},"end":{"line":129,"column":44}}],"line":129},"22":{"loc":{"start":{"line":130,"column":2},"end":{"line":130,"column":64}},"type":"if","locations":[{"start":{"line":130,"column":2},"end":{"line":130,"column":64}},{"start":{},"end":{}}],"line":130},"23":{"loc":{"start":{"line":143,"column":15},"end":{"line":143,"column":48}},"type":"binary-expr","locations":[{"start":{"line":143,"column":15},"end":{"line":143,"column":25}},{"start":{"line":143,"column":29},"end":{"line":143,"column":42}},{"start":{"line":143,"column":46},"end":{"line":143,"column":48}}],"line":143},"24":{"loc":{"start":{"line":144,"column":17},"end":{"line":144,"column":77}},"type":"binary-expr","locations":[{"start":{"line":144,"column":17},"end":{"line":144,"column":33}},{"start":{"line":144,"column":37},"end":{"line":144,"column":71}},{"start":{"line":144,"column":75},"end":{"line":144,"column":77}}],"line":144},"25":{"loc":{"start":{"line":147,"column":4},"end":{"line":147,"column":89}},"type":"if","locations":[{"start":{"line":147,"column":4},"end":{"line":147,"column":89}},{"start":{},"end":{}}],"line":147},"26":{"loc":{"start":{"line":147,"column":8},"end":{"line":147,"column":49}},"type":"binary-expr","locations":[{"start":{"line":147,"column":8},"end":{"line":147,"column":24}},{"start":{"line":147,"column":31},"end":{"line":147,"column":49}}],"line":147},"27":{"loc":{"start":{"line":148,"column":4},"end":{"line":148,"column":89}},"type":"if","locations":[{"start":{"line":148,"column":4},"end":{"line":148,"column":89}},{"start":{},"end":{}}],"line":148},"28":{"loc":{"start":{"line":148,"column":8},"end":{"line":148,"column":58}},"type":"binary-expr","locations":[{"start":{"line":148,"column":8},"end":{"line":148,"column":24}},{"start":{"line":148,"column":31},"end":{"line":148,"column":58}}],"line":148},"29":{"loc":{"start":{"line":149,"column":4},"end":{"line":149,"column":90}},"type":"if","locations":[{"start":{"line":149,"column":4},"end":{"line":149,"column":90}},{"start":{},"end":{}}],"line":149},"30":{"loc":{"start":{"line":149,"column":8},"end":{"line":149,"column":49}},"type":"binary-expr","locations":[{"start":{"line":149,"column":8},"end":{"line":149,"column":25}},{"start":{"line":149,"column":31},"end":{"line":149,"column":49}}],"line":149},"31":{"loc":{"start":{"line":150,"column":4},"end":{"line":150,"column":92}},"type":"if","locations":[{"start":{"line":150,"column":4},"end":{"line":150,"column":92}},{"start":{},"end":{}}],"line":150},"32":{"loc":{"start":{"line":150,"column":8},"end":{"line":150,"column":58}},"type":"binary-expr","locations":[{"start":{"line":150,"column":8},"end":{"line":150,"column":24}},{"start":{"line":150,"column":31},"end":{"line":150,"column":58}}],"line":150},"33":{"loc":{"start":{"line":151,"column":4},"end":{"line":151,"column":92}},"type":"if","locations":[{"start":{"line":151,"column":4},"end":{"line":151,"column":92}},{"start":{},"end":{}}],"line":151},"34":{"loc":{"start":{"line":151,"column":8},"end":{"line":151,"column":58}},"type":"binary-expr","locations":[{"start":{"line":151,"column":8},"end":{"line":151,"column":27}},{"start":{"line":151,"column":31},"end":{"line":151,"column":58}}],"line":151},"35":{"loc":{"start":{"line":155,"column":4},"end":{"line":157,"column":5}},"type":"if","locations":[{"start":{"line":155,"column":4},"end":{"line":157,"column":5}},{"start":{},"end":{}}],"line":155},"36":{"loc":{"start":{"line":155,"column":8},"end":{"line":155,"column":76}},"type":"binary-expr","locations":[{"start":{"line":155,"column":8},"end":{"line":155,"column":40}},{"start":{"line":155,"column":44},"end":{"line":155,"column":76}}],"line":155}},"s":{"0":1,"1":1,"2":1,"3":1,"4":1,"5":1,"6":1,"7":1,"8":1,"9":1,"10":9,"11":1,"12":4,"13":4,"14":4,"15":1,"16":1,"17":1,"18":3,"19":1,"20":3,"21":3,"22":1,"23":2,"24":2,"25":2,"26":1,"27":2,"28":2,"29":0,"30":2,"31":2,"32":1,"33":1,"34":1,"35":3,"36":2,"37":2,"38":1,"39":1,"40":1,"41":1,"42":1,"43":1,"44":0,"45":0,"46":0,"47":0,"48":0,"49":0,"50":0,"51":0,"52":0,"53":0,"54":0,"55":0,"56":0,"57":0,"58":0,"59":0,"60":0,"61":0,"62":1,"63":1,"64":1,"65":1,"66":0,"67":1,"68":1,"69":1,"70":9,"71":9,"72":9,"73":9,"74":9,"75":2,"76":7,"77":2,"78":5,"79":3,"80":2,"81":0,"82":2,"83":1,"84":1,"85":1,"86":1,"87":1,"88":0,"89":1},"f":{"0":1,"1":9,"2":4,"3":3,"4":2,"5":2,"6":3,"7":0,"8":1,"9":9},"b":{"0":[1,1],"1":[1,1],"2":[1,1],"3":[1,0],"4":[4,4,1],"5":[1,3],"6":[3,0],"7":[2,0],"8":[2,0],"9":[0,2],"10":[1,1],"11":[2,0],"12":[1,1],"13":[2,1],"14":[1,1],"15":[1,0],"16":[0,0],"17":[0,0],"18":[0,0],"19":[0,0],"20":[0,0],"21":[1,0],"22":[0,1],"23":[9,0,0],"24":[9,0,0],"25":[2,7],"26":[9,4],"27":[2,5],"28":[7,2],"29":[3,2],"30":[5,3],"31":[0,2],"32":[2,0],"33":[1,1],"34":[2,1],"35":[1,0],"36":[1,0]},"_coverageSchema":"1a1c01bbd47fc00a2c39e90264f33305004495a9","hash":"b636b18d628abb150d336166d2604f410d31a01b"}
}
