TN:
SF:src\handler.js
FN:22,(anonymous_0)
FN:24,(anonymous_1)
FN:31,(anonymous_2)
FN:39,(anonymous_3)
FN:45,(anonymous_4)
FN:52,(anonymous_5)
FN:66,(anonymous_6)
FN:94,(anonymous_7)
FN:127,(anonymous_8)
FN:141,(anonymous_9)
FNF:10
FNH:9
FNDA:1,(anonymous_0)
FNDA:9,(anonymous_1)
FNDA:4,(anonymous_2)
FNDA:3,(anonymous_3)
FNDA:2,(anonymous_4)
FNDA:2,(anonymous_5)
FNDA:3,(anonymous_6)
FNDA:0,(anonymous_7)
FNDA:1,(anonymous_8)
FNDA:9,(anonymous_9)
DA:8,1
DA:9,1
DA:10,1
DA:11,1
DA:13,1
DA:14,1
DA:17,1
DA:22,1
DA:24,9
DA:31,1
DA:32,4
DA:33,4
DA:34,4
DA:35,3
DA:39,1
DA:40,3
DA:41,3
DA:45,1
DA:46,2
DA:47,2
DA:48,2
DA:52,1
DA:53,2
DA:54,2
DA:56,2
DA:61,2
DA:62,1
DA:66,1
DA:67,3
DA:68,2
DA:70,2
DA:71,1
DA:74,1
DA:75,1
DA:85,1
DA:90,1
DA:94,1
DA:95,0
DA:96,0
DA:97,0
DA:99,0
DA:100,0
DA:101,0
DA:102,0
DA:104,0
DA:105,0
DA:106,0
DA:107,0
DA:108,0
DA:111,0
DA:112,0
DA:115,0
DA:123,0
DA:127,1
DA:128,1
DA:129,1
DA:130,1
DA:132,1
DA:137,1
DA:141,1
DA:142,9
DA:143,9
DA:144,9
DA:146,9
DA:147,9
DA:148,7
DA:149,5
DA:150,2
DA:151,2
DA:152,1
DA:154,1
DA:155,1
DA:156,1
DA:158,0
DA:162,1
LF:75
LH:58
BRDA:13,0,0,1
BRDA:13,0,1,1
BRDA:14,1,0,1
BRDA:14,1,1,1
BRDA:18,2,0,1
BRDA:18,2,1,1
BRDA:19,3,0,1
BRDA:19,3,1,0
BRDA:32,4,0,4
BRDA:32,4,1,4
BRDA:32,4,2,1
BRDA:34,5,0,1
BRDA:34,5,1,3
BRDA:41,6,0,3
BRDA:41,6,1,0
BRDA:47,7,0,2
BRDA:47,7,1,0
BRDA:53,8,0,2
BRDA:53,8,1,0
BRDA:54,9,0,0
BRDA:54,9,1,2
BRDA:61,10,0,1
BRDA:61,10,1,1
BRDA:68,11,0,2
BRDA:68,11,1,0
BRDA:70,12,0,1
BRDA:70,12,1,1
BRDA:70,13,0,2
BRDA:70,13,1,1
BRDA:78,14,0,1
BRDA:78,14,1,1
BRDA:80,15,0,1
BRDA:80,15,1,0
BRDA:96,16,0,0
BRDA:96,16,1,0
BRDA:97,17,0,0
BRDA:97,17,1,0
BRDA:99,18,0,0
BRDA:99,18,1,0
BRDA:105,19,0,0
BRDA:105,19,1,0
BRDA:111,20,0,0
BRDA:111,20,1,0
BRDA:129,21,0,1
BRDA:129,21,1,0
BRDA:130,22,0,0
BRDA:130,22,1,1
BRDA:143,23,0,9
BRDA:143,23,1,0
BRDA:143,23,2,0
BRDA:144,24,0,9
BRDA:144,24,1,0
BRDA:144,24,2,0
BRDA:147,25,0,2
BRDA:147,25,1,7
BRDA:147,26,0,9
BRDA:147,26,1,4
BRDA:148,27,0,2
BRDA:148,27,1,5
BRDA:148,28,0,7
BRDA:148,28,1,2
BRDA:149,29,0,3
BRDA:149,29,1,2
BRDA:149,30,0,5
BRDA:149,30,1,3
BRDA:150,31,0,0
BRDA:150,31,1,2
BRDA:150,32,0,2
BRDA:150,32,1,0
BRDA:151,33,0,1
BRDA:151,33,1,1
BRDA:151,34,0,2
BRDA:151,34,1,1
BRDA:155,35,0,1
BRDA:155,35,1,0
BRDA:155,36,0,1
BRDA:155,36,1,0
BRF:77
BRH:50
end_of_record
