{"C:\\Users\\cesar\\GitHub\\proyecto-portafolio-22\\auth-service\\src\\handler.js": {"path":"C:\\Users\\cesar\\GitHub\\proyecto-portafolio-22\\auth-service\\src\\handler.js","statementMap":{"0":{"start":{"line":1,"column":59},"end":{"line":1,"column":94}},"1":{"start":{"line":2,"column":33},"end":{"line":2,"column":66}},"2":{"start":{"line":3,"column":15},"end":{"line":3,"column":34}},"3":{"start":{"line":4,"column":12},"end":{"line":4,"column":35}},"4":{"start":{"line":5,"column":23},"end":{"line":5,"column":38}},"5":{"start":{"line":7,"column":19},"end":{"line":7,"column":53}},"6":{"start":{"line":8,"column":19},"end":{"line":8,"column":72}},"7":{"start":{"line":11,"column":15},"end":{"line":14,"column":2}},"8":{"start":{"line":16,"column":20},"end":{"line":16,"column":54}},"9":{"start":{"line":16,"column":34},"end":{"line":16,"column":52}},"10":{"start":{"line":18,"column":17},"end":{"line":22,"column":2}},"11":{"start":{"line":18,"column":40},"end":{"line":22,"column":1}},"12":{"start":{"line":24,"column":17},"end":{"line":50,"column":1}},"13":{"start":{"line":25,"column":36},"end":{"line":25,"column":66}},"14":{"start":{"line":27,"column":2},"end":{"line":29,"column":3}},"15":{"start":{"line":28,"column":4},"end":{"line":28,"column":77}},"16":{"start":{"line":31,"column":19},"end":{"line":34,"column":5}},"17":{"start":{"line":36,"column":2},"end":{"line":38,"column":3}},"18":{"start":{"line":37,"column":4},"end":{"line":37,"column":60}},"19":{"start":{"line":40,"column":25},"end":{"line":40,"column":56}},"20":{"start":{"line":41,"column":17},"end":{"line":41,"column":25}},"21":{"start":{"line":43,"column":2},"end":{"line":46,"column":6}},"22":{"start":{"line":48,"column":16},"end":{"line":48,"column":83}},"23":{"start":{"line":49,"column":2},"end":{"line":49,"column":73}},"24":{"start":{"line":52,"column":14},"end":{"line":82,"column":1}},"25":{"start":{"line":53,"column":30},"end":{"line":53,"column":60}},"26":{"start":{"line":55,"column":2},"end":{"line":57,"column":3}},"27":{"start":{"line":56,"column":4},"end":{"line":56,"column":71}},"28":{"start":{"line":59,"column":17},"end":{"line":62,"column":5}},"29":{"start":{"line":64,"column":2},"end":{"line":66,"column":3}},"30":{"start":{"line":65,"column":4},"end":{"line":65,"column":62}},"31":{"start":{"line":68,"column":15},"end":{"line":68,"column":38}},"32":{"start":{"line":69,"column":16},"end":{"line":69,"column":61}},"33":{"start":{"line":71,"column":2},"end":{"line":73,"column":3}},"34":{"start":{"line":72,"column":4},"end":{"line":72,"column":62}},"35":{"start":{"line":75,"column":16},"end":{"line":79,"column":3}},"36":{"start":{"line":81,"column":2},"end":{"line":81,"column":72}},"37":{"start":{"line":84,"column":0},"end":{"line":97,"column":2}},"38":{"start":{"line":85,"column":2},"end":{"line":85,"column":52}},"39":{"start":{"line":86,"column":15},"end":{"line":86,"column":48}},"40":{"start":{"line":87,"column":17},"end":{"line":87,"column":77}},"41":{"start":{"line":89,"column":2},"end":{"line":96,"column":3}},"42":{"start":{"line":90,"column":4},"end":{"line":90,"column":86}},"43":{"start":{"line":90,"column":57},"end":{"line":90,"column":86}},"44":{"start":{"line":91,"column":4},"end":{"line":91,"column":80}},"45":{"start":{"line":91,"column":54},"end":{"line":91,"column":80}},"46":{"start":{"line":92,"column":4},"end":{"line":92,"column":58}},"47":{"start":{"line":94,"column":4},"end":{"line":94,"column":33}},"48":{"start":{"line":95,"column":4},"end":{"line":95,"column":66}},"49":{"start":{"line":99,"column":0},"end":{"line":99,"column":34}}},"fnMap":{"0":{"name":"(anonymous_0)","decl":{"start":{"line":16,"column":20},"end":{"line":16,"column":21}},"loc":{"start":{"line":16,"column":32},"end":{"line":16,"column":54}},"line":16},"1":{"name":"(anonymous_1)","decl":{"start":{"line":18,"column":17},"end":{"line":18,"column":18}},"loc":{"start":{"line":18,"column":40},"end":{"line":22,"column":1}},"line":18},"2":{"name":"(anonymous_2)","decl":{"start":{"line":24,"column":17},"end":{"line":24,"column":18}},"loc":{"start":{"line":24,"column":34},"end":{"line":50,"column":1}},"line":24},"3":{"name":"(anonymous_3)","decl":{"start":{"line":52,"column":14},"end":{"line":52,"column":15}},"loc":{"start":{"line":52,"column":31},"end":{"line":82,"column":1}},"line":52},"4":{"name":"(anonymous_4)","decl":{"start":{"line":84,"column":18},"end":{"line":84,"column":19}},"loc":{"start":{"line":84,"column":35},"end":{"line":97,"column":1}},"line":84}},"branchMap":{"0":{"loc":{"start":{"line":7,"column":19},"end":{"line":7,"column":53}},"type":"binary-expr","locations":[{"start":{"line":7,"column":19},"end":{"line":7,"column":42}},{"start":{"line":7,"column":46},"end":{"line":7,"column":53}}],"line":7},"1":{"loc":{"start":{"line":8,"column":19},"end":{"line":8,"column":72}},"type":"binary-expr","locations":[{"start":{"line":8,"column":19},"end":{"line":8,"column":41}},{"start":{"line":8,"column":45},"end":{"line":8,"column":72}}],"line":8},"2":{"loc":{"start":{"line":12,"column":10},"end":{"line":12,"column":47}},"type":"binary-expr","locations":[{"start":{"line":12,"column":10},"end":{"line":12,"column":32}},{"start":{"line":12,"column":36},"end":{"line":12,"column":47}}],"line":12},"3":{"loc":{"start":{"line":13,"column":6},"end":{"line":13,"column":82}},"type":"binary-expr","locations":[{"start":{"line":13,"column":6},"end":{"line":13,"column":35}},{"start":{"line":13,"column":39},"end":{"line":13,"column":82}}],"line":13},"4":{"loc":{"start":{"line":25,"column":47},"end":{"line":25,"column":65}},"type":"binary-expr","locations":[{"start":{"line":25,"column":47},"end":{"line":25,"column":57}},{"start":{"line":25,"column":61},"end":{"line":25,"column":65}}],"line":25},"5":{"loc":{"start":{"line":27,"column":2},"end":{"line":29,"column":3}},"type":"if","locations":[{"start":{"line":27,"column":2},"end":{"line":29,"column":3}},{"start":{},"end":{}}],"line":27},"6":{"loc":{"start":{"line":27,"column":6},"end":{"line":27,"column":34}},"type":"binary-expr","locations":[{"start":{"line":27,"column":6},"end":{"line":27,"column":12}},{"start":{"line":27,"column":16},"end":{"line":27,"column":25}},{"start":{"line":27,"column":29},"end":{"line":27,"column":34}}],"line":27},"7":{"loc":{"start":{"line":36,"column":2},"end":{"line":38,"column":3}},"type":"if","locations":[{"start":{"line":36,"column":2},"end":{"line":38,"column":3}},{"start":{},"end":{}}],"line":36},"8":{"loc":{"start":{"line":53,"column":41},"end":{"line":53,"column":59}},"type":"binary-expr","locations":[{"start":{"line":53,"column":41},"end":{"line":53,"column":51}},{"start":{"line":53,"column":55},"end":{"line":53,"column":59}}],"line":53},"9":{"loc":{"start":{"line":55,"column":2},"end":{"line":57,"column":3}},"type":"if","locations":[{"start":{"line":55,"column":2},"end":{"line":57,"column":3}},{"start":{},"end":{}}],"line":55},"10":{"loc":{"start":{"line":55,"column":6},"end":{"line":55,"column":25}},"type":"binary-expr","locations":[{"start":{"line":55,"column":6},"end":{"line":55,"column":12}},{"start":{"line":55,"column":16},"end":{"line":55,"column":25}}],"line":55},"11":{"loc":{"start":{"line":64,"column":2},"end":{"line":66,"column":3}},"type":"if","locations":[{"start":{"line":64,"column":2},"end":{"line":66,"column":3}},{"start":{},"end":{}}],"line":64},"12":{"loc":{"start":{"line":71,"column":2},"end":{"line":73,"column":3}},"type":"if","locations":[{"start":{"line":71,"column":2},"end":{"line":73,"column":3}},{"start":{},"end":{}}],"line":71},"13":{"loc":{"start":{"line":86,"column":15},"end":{"line":86,"column":48}},"type":"binary-expr","locations":[{"start":{"line":86,"column":15},"end":{"line":86,"column":25}},{"start":{"line":86,"column":29},"end":{"line":86,"column":42}},{"start":{"line":86,"column":46},"end":{"line":86,"column":48}}],"line":86},"14":{"loc":{"start":{"line":87,"column":17},"end":{"line":87,"column":77}},"type":"binary-expr","locations":[{"start":{"line":87,"column":17},"end":{"line":87,"column":33}},{"start":{"line":87,"column":37},"end":{"line":87,"column":71}},{"start":{"line":87,"column":75},"end":{"line":87,"column":77}}],"line":87},"15":{"loc":{"start":{"line":90,"column":4},"end":{"line":90,"column":86}},"type":"if","locations":[{"start":{"line":90,"column":4},"end":{"line":90,"column":86}},{"start":{},"end":{}}],"line":90},"16":{"loc":{"start":{"line":90,"column":8},"end":{"line":90,"column":55}},"type":"binary-expr","locations":[{"start":{"line":90,"column":8},"end":{"line":90,"column":25}},{"start":{"line":90,"column":29},"end":{"line":90,"column":55}}],"line":90},"17":{"loc":{"start":{"line":91,"column":4},"end":{"line":91,"column":80}},"type":"if","locations":[{"start":{"line":91,"column":4},"end":{"line":91,"column":80}},{"start":{},"end":{}}],"line":91},"18":{"loc":{"start":{"line":91,"column":8},"end":{"line":91,"column":52}},"type":"binary-expr","locations":[{"start":{"line":91,"column":8},"end":{"line":91,"column":25}},{"start":{"line":91,"column":29},"end":{"line":91,"column":52}}],"line":91}},"s":{"0":1,"1":1,"2":1,"3":1,"4":1,"5":1,"6":1,"7":1,"8":1,"9":1,"10":1,"11":7,"12":1,"13":3,"14":3,"15":1,"16":2,"17":2,"18":1,"19":1,"20":1,"21":1,"22":1,"23":1,"24":1,"25":3,"26":3,"27":1,"28":2,"29":2,"30":1,"31":1,"32":1,"33":1,"34":0,"35":1,"36":1,"37":1,"38":7,"39":7,"40":7,"41":7,"42":7,"43":3,"44":4,"45":3,"46":1,"47":0,"48":0,"49":1},"f":{"0":1,"1":7,"2":3,"3":3,"4":7},"b":{"0":[1,1],"1":[1,1],"2":[1,1],"3":[1,0],"4":[3,0],"5":[1,2],"6":[3,3,2],"7":[1,1],"8":[3,0],"9":[1,2],"10":[3,3],"11":[1,1],"12":[0,1],"13":[7,0,0],"14":[7,0,0],"15":[3,4],"16":[7,6],"17":[3,1],"18":[4,3]},"_coverageSchema":"1a1c01bbd47fc00a2c39e90264f33305004495a9","hash":"a7baac9764828e0d1dedc913b624d2a65479dc0d"}
}
