TN:
SF:src\handler.js
FN:16,(anonymous_0)
FN:18,(anonymous_1)
FN:24,(anonymous_2)
FN:52,(anonymous_3)
FN:84,(anonymous_4)
FNF:5
FNH:5
FNDA:1,(anonymous_0)
FNDA:7,(anonymous_1)
FNDA:3,(anonymous_2)
FNDA:3,(anonymous_3)
FNDA:7,(anonymous_4)
DA:1,1
DA:2,1
DA:3,1
DA:4,1
DA:5,1
DA:7,1
DA:8,1
DA:11,1
DA:16,1
DA:18,7
DA:24,1
DA:25,3
DA:27,3
DA:28,1
DA:31,2
DA:36,2
DA:37,1
DA:40,1
DA:41,1
DA:43,1
DA:48,1
DA:49,1
DA:52,1
DA:53,3
DA:55,3
DA:56,1
DA:59,2
DA:64,2
DA:65,1
DA:68,1
DA:69,1
DA:71,1
DA:72,0
DA:75,1
DA:81,1
DA:84,1
DA:85,7
DA:86,7
DA:87,7
DA:89,7
DA:90,7
DA:91,4
DA:92,1
DA:94,0
DA:95,0
DA:99,1
LF:46
LH:43
BRDA:7,0,0,1
BRDA:7,0,1,1
BRDA:8,1,0,1
BRDA:8,1,1,1
BRDA:12,2,0,1
BRDA:12,2,1,1
BRDA:13,3,0,1
BRDA:13,3,1,0
BRDA:25,4,0,3
BRDA:25,4,1,0
BRDA:27,5,0,1
BRDA:27,5,1,2
BRDA:27,6,0,3
BRDA:27,6,1,3
BRDA:27,6,2,2
BRDA:36,7,0,1
BRDA:36,7,1,1
BRDA:53,8,0,3
BRDA:53,8,1,0
BRDA:55,9,0,1
BRDA:55,9,1,2
BRDA:55,10,0,3
BRDA:55,10,1,3
BRDA:64,11,0,1
BRDA:64,11,1,1
BRDA:71,12,0,0
BRDA:71,12,1,1
BRDA:86,13,0,7
BRDA:86,13,1,0
BRDA:86,13,2,0
BRDA:87,14,0,7
BRDA:87,14,1,0
BRDA:87,14,2,0
BRDA:90,15,0,3
BRDA:90,15,1,4
BRDA:90,16,0,7
BRDA:90,16,1,6
BRDA:91,17,0,3
BRDA:91,17,1,1
BRDA:91,18,0,4
BRDA:91,18,1,3
BRF:41
BRH:33
end_of_record
