<?xml version="1.0" encoding="UTF-8"?>
<coverage generated="1772369584842" clover="3.2.0">
  <project timestamp="1772369584843" name="All files">
    <metrics statements="78" coveredstatements="71" conditionals="78" coveredconditionals="59" methods="9" coveredmethods="9" elements="165" coveredelements="139" complexity="0" loc="78" ncloc="78" packages="1" files="1" classes="1"/>
    <file name="handler.js" path="C:\Users\cesar\GitHub\proyecto-portafolio-22\reservations-service\src\handler.js">
      <metrics statements="78" coveredstatements="71" conditionals="78" coveredconditionals="59" methods="9" coveredmethods="9"/>
      <line num="7" count="1" type="stmt"/>
      <line num="8" count="1" type="stmt"/>
      <line num="9" count="1" type="stmt"/>
      <line num="10" count="1" type="stmt"/>
      <line num="12" count="1" type="cond" truecount="2" falsecount="0"/>
      <line num="13" count="1" type="cond" truecount="2" falsecount="0"/>
      <line num="14" count="1" type="cond" truecount="2" falsecount="0"/>
      <line num="17" count="1" type="stmt"/>
      <line num="22" count="1" type="stmt"/>
      <line num="24" count="13" type="stmt"/>
      <line num="30" count="1" type="stmt"/>
      <line num="31" count="12" type="cond" truecount="2" falsecount="1"/>
      <line num="32" count="12" type="stmt"/>
      <line num="33" count="12" type="cond" truecount="1" falsecount="1"/>
      <line num="34" count="0" type="stmt"/>
      <line num="35" count="0" type="stmt"/>
      <line num="36" count="0" type="stmt"/>
      <line num="38" count="12" type="stmt"/>
      <line num="41" count="1" type="stmt"/>
      <line num="42" count="6" type="stmt"/>
      <line num="43" count="6" type="cond" truecount="1" falsecount="1"/>
      <line num="47" count="1" type="stmt"/>
      <line num="48" count="5" type="stmt"/>
      <line num="49" count="5" type="cond" truecount="1" falsecount="1"/>
      <line num="51" count="5" type="cond" truecount="5" falsecount="0"/>
      <line num="52" count="1" type="stmt"/>
      <line num="55" count="4" type="cond" truecount="2" falsecount="0"/>
      <line num="56" count="1" type="stmt"/>
      <line num="60" count="3" type="stmt"/>
      <line num="65" count="3" type="cond" truecount="2" falsecount="0"/>
      <line num="66" count="1" type="stmt"/>
      <line num="70" count="2" type="stmt"/>
      <line num="83" count="2" type="cond" truecount="4" falsecount="0"/>
      <line num="84" count="1" type="stmt"/>
      <line num="88" count="1" type="stmt"/>
      <line num="89" count="1" type="stmt"/>
      <line num="101" count="1" type="stmt"/>
      <line num="106" count="1" type="stmt"/>
      <line num="110" count="1" type="stmt"/>
      <line num="111" count="1" type="stmt"/>
      <line num="113" count="1" type="stmt"/>
      <line num="119" count="1" type="cond" truecount="1" falsecount="1"/>
      <line num="120" count="1" type="stmt"/>
      <line num="124" count="1" type="stmt"/>
      <line num="125" count="2" type="stmt"/>
      <line num="126" count="2" type="cond" truecount="1" falsecount="1"/>
      <line num="127" count="2" type="cond" truecount="1" falsecount="1"/>
      <line num="129" count="2" type="stmt"/>
      <line num="134" count="2" type="cond" truecount="2" falsecount="0"/>
      <line num="135" count="1" type="stmt"/>
      <line num="139" count="1" type="stmt"/>
      <line num="140" count="4" type="stmt"/>
      <line num="141" count="4" type="cond" truecount="1" falsecount="1"/>
      <line num="142" count="4" type="cond" truecount="1" falsecount="1"/>
      <line num="145" count="4" type="stmt"/>
      <line num="150" count="4" type="cond" truecount="2" falsecount="0"/>
      <line num="152" count="3" type="stmt"/>
      <line num="154" count="3" type="cond" truecount="2" falsecount="0"/>
      <line num="155" count="1" type="stmt"/>
      <line num="158" count="2" type="cond" truecount="2" falsecount="0"/>
      <line num="159" count="1" type="stmt"/>
      <line num="162" count="1" type="stmt"/>
      <line num="173" count="1" type="stmt"/>
      <line num="177" count="1" type="stmt"/>
      <line num="178" count="13" type="stmt"/>
      <line num="179" count="13" type="cond" truecount="1" falsecount="2"/>
      <line num="180" count="13" type="cond" truecount="1" falsecount="2"/>
      <line num="182" count="13" type="stmt"/>
      <line num="183" count="13" type="cond" truecount="4" falsecount="0"/>
      <line num="184" count="8" type="cond" truecount="4" falsecount="0"/>
      <line num="185" count="7" type="cond" truecount="4" falsecount="0"/>
      <line num="186" count="5" type="cond" truecount="4" falsecount="0"/>
      <line num="187" count="1" type="stmt"/>
      <line num="189" count="0" type="stmt"/>
      <line num="190" count="0" type="cond" truecount="0" falsecount="4"/>
      <line num="191" count="0" type="stmt"/>
      <line num="193" count="0" type="stmt"/>
      <line num="197" count="1" type="stmt"/>
    </file>
  </project>
</coverage>
