{"C:\\Users\\cesar\\GitHub\\proyecto-portafolio-22\\reservations-service\\src\\handler.js": {"path":"C:\\Users\\cesar\\GitHub\\proyecto-portafolio-22\\reservations-service\\src\\handler.js","statementMap":{"0":{"start":{"line":7,"column":4},"end":{"line":7,"column":39}},"1":{"start":{"line":8,"column":33},"end":{"line":8,"column":66}},"2":{"start":{"line":9,"column":12},"end":{"line":9,"column":35}},"3":{"start":{"line":10,"column":23},"end":{"line":10,"column":38}},"4":{"start":{"line":12,"column":27},"end":{"line":12,"column":75}},"5":{"start":{"line":13,"column":27},"end":{"line":13,"column":69}},"6":{"start":{"line":14,"column":27},"end":{"line":14,"column":88}},"7":{"start":{"line":17,"column":15},"end":{"line":20,"column":2}},"8":{"start":{"line":22,"column":20},"end":{"line":22,"column":54}},"9":{"start":{"line":22,"column":34},"end":{"line":22,"column":52}},"10":{"start":{"line":24,"column":17},"end":{"line":28,"column":2}},"11":{"start":{"line":24,"column":40},"end":{"line":28,"column":1}},"12":{"start":{"line":30,"column":20},"end":{"line":39,"column":1}},"13":{"start":{"line":31,"column":15},"end":{"line":31,"column":81}},"14":{"start":{"line":32,"column":16},"end":{"line":32,"column":50}},"15":{"start":{"line":33,"column":2},"end":{"line":37,"column":3}},"16":{"start":{"line":34,"column":14},"end":{"line":34,"column":49}},"17":{"start":{"line":35,"column":4},"end":{"line":35,"column":33}},"18":{"start":{"line":36,"column":4},"end":{"line":36,"column":12}},"19":{"start":{"line":38,"column":2},"end":{"line":38,"column":39}},"20":{"start":{"line":41,"column":18},"end":{"line":44,"column":1}},"21":{"start":{"line":42,"column":16},"end":{"line":42,"column":47}},"22":{"start":{"line":43,"column":2},"end":{"line":43,"column":60}},"23":{"start":{"line":47,"column":26},"end":{"line":107,"column":1}},"24":{"start":{"line":48,"column":15},"end":{"line":48,"column":33}},"25":{"start":{"line":49,"column":49},"end":{"line":49,"column":79}},"26":{"start":{"line":51,"column":2},"end":{"line":53,"column":3}},"27":{"start":{"line":52,"column":4},"end":{"line":52,"column":83}},"28":{"start":{"line":55,"column":2},"end":{"line":57,"column":3}},"29":{"start":{"line":56,"column":4},"end":{"line":56,"column":77}},"30":{"start":{"line":60,"column":22},"end":{"line":63,"column":5}},"31":{"start":{"line":65,"column":2},"end":{"line":67,"column":3}},"32":{"start":{"line":66,"column":4},"end":{"line":66,"column":61}},"33":{"start":{"line":70,"column":26},"end":{"line":81,"column":5}},"34":{"start":{"line":83,"column":2},"end":{"line":85,"column":3}},"35":{"start":{"line":84,"column":4},"end":{"line":84,"column":86}},"36":{"start":{"line":88,"column":24},"end":{"line":88,"column":32}},"37":{"start":{"line":89,"column":22},"end":{"line":99,"column":3}},"38":{"start":{"line":101,"column":2},"end":{"line":104,"column":6}},"39":{"start":{"line":106,"column":2},"end":{"line":106,"column":67}},"40":{"start":{"line":110,"column":25},"end":{"line":121,"column":1}},"41":{"start":{"line":111,"column":15},"end":{"line":111,"column":33}},"42":{"start":{"line":113,"column":17},"end":{"line":117,"column":5}},"43":{"start":{"line":119,"column":23},"end":{"line":119,"column":59}},"44":{"start":{"line":120,"column":2},"end":{"line":120,"column":41}},"45":{"start":{"line":124,"column":23},"end":{"line":136,"column":1}},"46":{"start":{"line":125,"column":2},"end":{"line":125,"column":21}},"47":{"start":{"line":126,"column":24},"end":{"line":126,"column":51}},"48":{"start":{"line":127,"column":2},"end":{"line":127,"column":70}},"49":{"start":{"line":127,"column":22},"end":{"line":127,"column":70}},"50":{"start":{"line":129,"column":17},"end":{"line":132,"column":5}},"51":{"start":{"line":134,"column":2},"end":{"line":134,"column":77}},"52":{"start":{"line":134,"column":20},"end":{"line":134,"column":77}},"53":{"start":{"line":135,"column":2},"end":{"line":135,"column":65}},"54":{"start":{"line":139,"column":26},"end":{"line":174,"column":1}},"55":{"start":{"line":140,"column":15},"end":{"line":140,"column":33}},"56":{"start":{"line":141,"column":24},"end":{"line":141,"column":51}},"57":{"start":{"line":142,"column":2},"end":{"line":142,"column":70}},"58":{"start":{"line":142,"column":22},"end":{"line":142,"column":70}},"59":{"start":{"line":145,"column":17},"end":{"line":148,"column":5}},"60":{"start":{"line":150,"column":2},"end":{"line":150,"column":77}},"61":{"start":{"line":150,"column":20},"end":{"line":150,"column":77}},"62":{"start":{"line":152,"column":22},"end":{"line":152,"column":45}},"63":{"start":{"line":154,"column":2},"end":{"line":156,"column":3}},"64":{"start":{"line":155,"column":4},"end":{"line":155,"column":80}},"65":{"start":{"line":158,"column":2},"end":{"line":160,"column":3}},"66":{"start":{"line":159,"column":4},"end":{"line":159,"column":67}},"67":{"start":{"line":162,"column":2},"end":{"line":171,"column":6}},"68":{"start":{"line":173,"column":2},"end":{"line":173,"column":72}},"69":{"start":{"line":177,"column":0},"end":{"line":195,"column":2}},"70":{"start":{"line":178,"column":2},"end":{"line":178,"column":60}},"71":{"start":{"line":179,"column":17},"end":{"line":179,"column":50}},"72":{"start":{"line":180,"column":17},"end":{"line":180,"column":77}},"73":{"start":{"line":182,"column":2},"end":{"line":194,"column":3}},"74":{"start":{"line":183,"column":4},"end":{"line":183,"column":105}},"75":{"start":{"line":183,"column":67},"end":{"line":183,"column":105}},"76":{"start":{"line":184,"column":4},"end":{"line":184,"column":104}},"77":{"start":{"line":184,"column":67},"end":{"line":184,"column":104}},"78":{"start":{"line":185,"column":4},"end":{"line":185,"column":102}},"79":{"start":{"line":185,"column":67},"end":{"line":185,"column":102}},"80":{"start":{"line":186,"column":4},"end":{"line":186,"column":105}},"81":{"start":{"line":186,"column":67},"end":{"line":186,"column":105}},"82":{"start":{"line":187,"column":4},"end":{"line":187,"column":58}},"83":{"start":{"line":189,"column":4},"end":{"line":189,"column":33}},"84":{"start":{"line":190,"column":4},"end":{"line":192,"column":5}},"85":{"start":{"line":191,"column":6},"end":{"line":191,"column":67}},"86":{"start":{"line":193,"column":4},"end":{"line":193,"column":66}},"87":{"start":{"line":197,"column":0},"end":{"line":197,"column":34}}},"fnMap":{"0":{"name":"(anonymous_0)","decl":{"start":{"line":22,"column":20},"end":{"line":22,"column":21}},"loc":{"start":{"line":22,"column":32},"end":{"line":22,"column":54}},"line":22},"1":{"name":"(anonymous_1)","decl":{"start":{"line":24,"column":17},"end":{"line":24,"column":18}},"loc":{"start":{"line":24,"column":40},"end":{"line":28,"column":1}},"line":24},"2":{"name":"(anonymous_2)","decl":{"start":{"line":30,"column":20},"end":{"line":30,"column":21}},"loc":{"start":{"line":30,"column":31},"end":{"line":39,"column":1}},"line":30},"3":{"name":"(anonymous_3)","decl":{"start":{"line":41,"column":18},"end":{"line":41,"column":19}},"loc":{"start":{"line":41,"column":28},"end":{"line":44,"column":1}},"line":41},"4":{"name":"(anonymous_4)","decl":{"start":{"line":47,"column":26},"end":{"line":47,"column":27}},"loc":{"start":{"line":47,"column":43},"end":{"line":107,"column":1}},"line":47},"5":{"name":"(anonymous_5)","decl":{"start":{"line":110,"column":25},"end":{"line":110,"column":26}},"loc":{"start":{"line":110,"column":42},"end":{"line":121,"column":1}},"line":110},"6":{"name":"(anonymous_6)","decl":{"start":{"line":124,"column":23},"end":{"line":124,"column":24}},"loc":{"start":{"line":124,"column":40},"end":{"line":136,"column":1}},"line":124},"7":{"name":"(anonymous_7)","decl":{"start":{"line":139,"column":26},"end":{"line":139,"column":27}},"loc":{"start":{"line":139,"column":43},"end":{"line":174,"column":1}},"line":139},"8":{"name":"(anonymous_8)","decl":{"start":{"line":177,"column":18},"end":{"line":177,"column":19}},"loc":{"start":{"line":177,"column":35},"end":{"line":195,"column":1}},"line":177}},"branchMap":{"0":{"loc":{"start":{"line":12,"column":27},"end":{"line":12,"column":75}},"type":"binary-expr","locations":[{"start":{"line":12,"column":27},"end":{"line":12,"column":57}},{"start":{"line":12,"column":61},"end":{"line":12,"column":75}}],"line":12},"1":{"loc":{"start":{"line":13,"column":27},"end":{"line":13,"column":69}},"type":"binary-expr","locations":[{"start":{"line":13,"column":27},"end":{"line":13,"column":51}},{"start":{"line":13,"column":61},"end":{"line":13,"column":69}}],"line":13},"2":{"loc":{"start":{"line":14,"column":27},"end":{"line":14,"column":88}},"type":"binary-expr","locations":[{"start":{"line":14,"column":27},"end":{"line":14,"column":49}},{"start":{"line":14,"column":61},"end":{"line":14,"column":88}}],"line":14},"3":{"loc":{"start":{"line":18,"column":10},"end":{"line":18,"column":47}},"type":"binary-expr","locations":[{"start":{"line":18,"column":10},"end":{"line":18,"column":32}},{"start":{"line":18,"column":36},"end":{"line":18,"column":47}}],"line":18},"4":{"loc":{"start":{"line":19,"column":6},"end":{"line":19,"column":82}},"type":"binary-expr","locations":[{"start":{"line":19,"column":6},"end":{"line":19,"column":35}},{"start":{"line":19,"column":39},"end":{"line":19,"column":82}}],"line":19},"5":{"loc":{"start":{"line":31,"column":15},"end":{"line":31,"column":81}},"type":"binary-expr","locations":[{"start":{"line":31,"column":15},"end":{"line":31,"column":43}},{"start":{"line":31,"column":47},"end":{"line":31,"column":75}},{"start":{"line":31,"column":79},"end":{"line":31,"column":81}}],"line":31},"6":{"loc":{"start":{"line":33,"column":2},"end":{"line":37,"column":3}},"type":"if","locations":[{"start":{"line":33,"column":2},"end":{"line":37,"column":3}},{"start":{},"end":{}}],"line":33},"7":{"loc":{"start":{"line":43,"column":9},"end":{"line":43,"column":59}},"type":"cond-expr","locations":[{"start":{"line":43,"column":29},"end":{"line":43,"column":52}},{"start":{"line":43,"column":55},"end":{"line":43,"column":59}}],"line":43},"8":{"loc":{"start":{"line":49,"column":60},"end":{"line":49,"column":78}},"type":"binary-expr","locations":[{"start":{"line":49,"column":60},"end":{"line":49,"column":70}},{"start":{"line":49,"column":74},"end":{"line":49,"column":78}}],"line":49},"9":{"loc":{"start":{"line":51,"column":2},"end":{"line":53,"column":3}},"type":"if","locations":[{"start":{"line":51,"column":2},"end":{"line":53,"column":3}},{"start":{},"end":{}}],"line":51},"10":{"loc":{"start":{"line":51,"column":6},"end":{"line":51,"column":40}},"type":"binary-expr","locations":[{"start":{"line":51,"column":6},"end":{"line":51,"column":14}},{"start":{"line":51,"column":18},"end":{"line":51,"column":28}},{"start":{"line":51,"column":32},"end":{"line":51,"column":40}}],"line":51},"11":{"loc":{"start":{"line":55,"column":2},"end":{"line":57,"column":3}},"type":"if","locations":[{"start":{"line":55,"column":2},"end":{"line":57,"column":3}},{"start":{},"end":{}}],"line":55},"12":{"loc":{"start":{"line":65,"column":2},"end":{"line":67,"column":3}},"type":"if","locations":[{"start":{"line":65,"column":2},"end":{"line":67,"column":3}},{"start":{},"end":{}}],"line":65},"13":{"loc":{"start":{"line":83,"column":2},"end":{"line":85,"column":3}},"type":"if","locations":[{"start":{"line":83,"column":2},"end":{"line":85,"column":3}},{"start":{},"end":{}}],"line":83},"14":{"loc":{"start":{"line":83,"column":6},"end":{"line":83,"column":63}},"type":"binary-expr","locations":[{"start":{"line":83,"column":6},"end":{"line":83,"column":27}},{"start":{"line":83,"column":31},"end":{"line":83,"column":63}}],"line":83},"15":{"loc":{"start":{"line":96,"column":16},"end":{"line":96,"column":27}},"type":"binary-expr","locations":[{"start":{"line":96,"column":16},"end":{"line":96,"column":21}},{"start":{"line":96,"column":25},"end":{"line":96,"column":27}}],"line":96},"16":{"loc":{"start":{"line":119,"column":24},"end":{"line":119,"column":42}},"type":"binary-expr","locations":[{"start":{"line":119,"column":24},"end":{"line":119,"column":36}},{"start":{"line":119,"column":40},"end":{"line":119,"column":42}}],"line":119},"17":{"loc":{"start":{"line":126,"column":34},"end":{"line":126,"column":50}},"type":"binary-expr","locations":[{"start":{"line":126,"column":34},"end":{"line":126,"column":44}},{"start":{"line":126,"column":48},"end":{"line":126,"column":50}}],"line":126},"18":{"loc":{"start":{"line":127,"column":2},"end":{"line":127,"column":70}},"type":"if","locations":[{"start":{"line":127,"column":2},"end":{"line":127,"column":70}},{"start":{},"end":{}}],"line":127},"19":{"loc":{"start":{"line":134,"column":2},"end":{"line":134,"column":77}},"type":"if","locations":[{"start":{"line":134,"column":2},"end":{"line":134,"column":77}},{"start":{},"end":{}}],"line":134},"20":{"loc":{"start":{"line":141,"column":34},"end":{"line":141,"column":50}},"type":"binary-expr","locations":[{"start":{"line":141,"column":34},"end":{"line":141,"column":44}},{"start":{"line":141,"column":48},"end":{"line":141,"column":50}}],"line":141},"21":{"loc":{"start":{"line":142,"column":2},"end":{"line":142,"column":70}},"type":"if","locations":[{"start":{"line":142,"column":2},"end":{"line":142,"column":70}},{"start":{},"end":{}}],"line":142},"22":{"loc":{"start":{"line":150,"column":2},"end":{"line":150,"column":77}},"type":"if","locations":[{"start":{"line":150,"column":2},"end":{"line":150,"column":77}},{"start":{},"end":{}}],"line":150},"23":{"loc":{"start":{"line":154,"column":2},"end":{"line":156,"column":3}},"type":"if","locations":[{"start":{"line":154,"column":2},"end":{"line":156,"column":3}},{"start":{},"end":{}}],"line":154},"24":{"loc":{"start":{"line":158,"column":2},"end":{"line":160,"column":3}},"type":"if","locations":[{"start":{"line":158,"column":2},"end":{"line":160,"column":3}},{"start":{},"end":{}}],"line":158},"25":{"loc":{"start":{"line":179,"column":17},"end":{"line":179,"column":50}},"type":"binary-expr","locations":[{"start":{"line":179,"column":17},"end":{"line":179,"column":27}},{"start":{"line":179,"column":31},"end":{"line":179,"column":44}},{"start":{"line":179,"column":48},"end":{"line":179,"column":50}}],"line":179},"26":{"loc":{"start":{"line":180,"column":17},"end":{"line":180,"column":77}},"type":"binary-expr","locations":[{"start":{"line":180,"column":17},"end":{"line":180,"column":33}},{"start":{"line":180,"column":37},"end":{"line":180,"column":71}},{"start":{"line":180,"column":75},"end":{"line":180,"column":77}}],"line":180},"27":{"loc":{"start":{"line":183,"column":4},"end":{"line":183,"column":105}},"type":"if","locations":[{"start":{"line":183,"column":4},"end":{"line":183,"column":105}},{"start":{},"end":{}}],"line":183},"28":{"loc":{"start":{"line":183,"column":8},"end":{"line":183,"column":55}},"type":"binary-expr","locations":[{"start":{"line":183,"column":8},"end":{"line":183,"column":25}},{"start":{"line":183,"column":31},"end":{"line":183,"column":55}}],"line":183},"29":{"loc":{"start":{"line":184,"column":4},"end":{"line":184,"column":104}},"type":"if","locations":[{"start":{"line":184,"column":4},"end":{"line":184,"column":104}},{"start":{},"end":{}}],"line":184},"30":{"loc":{"start":{"line":184,"column":8},"end":{"line":184,"column":55}},"type":"binary-expr","locations":[{"start":{"line":184,"column":8},"end":{"line":184,"column":24}},{"start":{"line":184,"column":31},"end":{"line":184,"column":55}}],"line":184},"31":{"loc":{"start":{"line":185,"column":4},"end":{"line":185,"column":102}},"type":"if","locations":[{"start":{"line":185,"column":4},"end":{"line":185,"column":102}},{"start":{},"end":{}}],"line":185},"32":{"loc":{"start":{"line":185,"column":8},"end":{"line":185,"column":64}},"type":"binary-expr","locations":[{"start":{"line":185,"column":8},"end":{"line":185,"column":24}},{"start":{"line":185,"column":31},"end":{"line":185,"column":64}}],"line":185},"33":{"loc":{"start":{"line":186,"column":4},"end":{"line":186,"column":105}},"type":"if","locations":[{"start":{"line":186,"column":4},"end":{"line":186,"column":105}},{"start":{},"end":{}}],"line":186},"34":{"loc":{"start":{"line":186,"column":8},"end":{"line":186,"column":64}},"type":"binary-expr","locations":[{"start":{"line":186,"column":8},"end":{"line":186,"column":27}},{"start":{"line":186,"column":31},"end":{"line":186,"column":64}}],"line":186},"35":{"loc":{"start":{"line":190,"column":4},"end":{"line":192,"column":5}},"type":"if","locations":[{"start":{"line":190,"column":4},"end":{"line":192,"column":5}},{"start":{},"end":{}}],"line":190},"36":{"loc":{"start":{"line":190,"column":8},"end":{"line":190,"column":76}},"type":"binary-expr","locations":[{"start":{"line":190,"column":8},"end":{"line":190,"column":40}},{"start":{"line":190,"column":44},"end":{"line":190,"column":76}}],"line":190}},"s":{"0":1,"1":1,"2":1,"3":1,"4":1,"5":1,"6":1,"7":1,"8":1,"9":1,"10":1,"11":13,"12":1,"13":12,"14":12,"15":12,"16":0,"17":0,"18":0,"19":12,"20":1,"21":6,"22":6,"23":1,"24":5,"25":5,"26":5,"27":1,"28":4,"29":1,"30":3,"31":3,"32":1,"33":2,"34":2,"35":1,"36":1,"37":1,"38":1,"39":1,"40":1,"41":1,"42":1,"43":1,"44":1,"45":1,"46":2,"47":2,"48":2,"49":0,"50":2,"51":2,"52":1,"53":1,"54":1,"55":4,"56":4,"57":4,"58":0,"59":4,"60":4,"61":1,"62":3,"63":3,"64":1,"65":2,"66":1,"67":1,"68":1,"69":1,"70":13,"71":13,"72":13,"73":13,"74":13,"75":5,"76":8,"77":1,"78":7,"79":2,"80":5,"81":4,"82":1,"83":0,"84":0,"85":0,"86":0,"87":1},"f":{"0":1,"1":13,"2":12,"3":6,"4":5,"5":1,"6":2,"7":4,"8":13},"b":{"0":[1,1],"1":[1,1],"2":[1,1],"3":[1,1],"4":[1,0],"5":[12,12,0],"6":[0,12],"7":[6,0],"8":[5,0],"9":[1,4],"10":[5,5,4],"11":[1,3],"12":[1,2],"13":[1,1],"14":[2,2],"15":[1,0],"16":[1,0],"17":[2,0],"18":[0,2],"19":[1,1],"20":[4,0],"21":[0,4],"22":[1,3],"23":[1,2],"24":[1,1],"25":[13,0,0],"26":[13,0,0],"27":[5,8],"28":[13,5],"29":[1,7],"30":[8,3],"31":[2,5],"32":[7,2],"33":[4,1],"34":[5,4],"35":[0,0],"36":[0,0]},"_coverageSchema":"1a1c01bbd47fc00a2c39e90264f33305004495a9","hash":"ecf16892072faa061c913e8a5358df73d2051da3"}
}
