TN:
SF:src\handler.js
FN:22,(anonymous_0)
FN:24,(anonymous_1)
FN:30,(anonymous_2)
FN:41,(anonymous_3)
FN:47,(anonymous_4)
FN:110,(anonymous_5)
FN:124,(anonymous_6)
FN:139,(anonymous_7)
FN:177,(anonymous_8)
FNF:9
FNH:9
FNDA:1,(anonymous_0)
FNDA:13,(anonymous_1)
FNDA:12,(anonymous_2)
FNDA:6,(anonymous_3)
FNDA:5,(anonymous_4)
FNDA:1,(anonymous_5)
FNDA:2,(anonymous_6)
FNDA:4,(anonymous_7)
FNDA:13,(anonymous_8)
DA:7,1
DA:8,1
DA:9,1
DA:10,1
DA:12,1
DA:13,1
DA:14,1
DA:17,1
DA:22,1
DA:24,13
DA:30,1
DA:31,12
DA:32,12
DA:33,12
DA:34,0
DA:35,0
DA:36,0
DA:38,12
DA:41,1
DA:42,6
DA:43,6
DA:47,1
DA:48,5
DA:49,5
DA:51,5
DA:52,1
DA:55,4
DA:56,1
DA:60,3
DA:65,3
DA:66,1
DA:70,2
DA:83,2
DA:84,1
DA:88,1
DA:89,1
DA:101,1
DA:106,1
DA:110,1
DA:111,1
DA:113,1
DA:119,1
DA:120,1
DA:124,1
DA:125,2
DA:126,2
DA:127,2
DA:129,2
DA:134,2
DA:135,1
DA:139,1
DA:140,4
DA:141,4
DA:142,4
DA:145,4
DA:150,4
DA:152,3
DA:154,3
DA:155,1
DA:158,2
DA:159,1
DA:162,1
DA:173,1
DA:177,1
DA:178,13
DA:179,13
DA:180,13
DA:182,13
DA:183,13
DA:184,8
DA:185,7
DA:186,5
DA:187,1
DA:189,0
DA:190,0
DA:191,0
DA:193,0
DA:197,1
LF:78
LH:71
BRDA:12,0,0,1
BRDA:12,0,1,1
BRDA:13,1,0,1
BRDA:13,1,1,1
BRDA:14,2,0,1
BRDA:14,2,1,1
BRDA:18,3,0,1
BRDA:18,3,1,1
BRDA:19,4,0,1
BRDA:19,4,1,0
BRDA:31,5,0,12
BRDA:31,5,1,12
BRDA:31,5,2,0
BRDA:33,6,0,0
BRDA:33,6,1,12
BRDA:43,7,0,6
BRDA:43,7,1,0
BRDA:49,8,0,5
BRDA:49,8,1,0
BRDA:51,9,0,1
BRDA:51,9,1,4
BRDA:51,10,0,5
BRDA:51,10,1,5
BRDA:51,10,2,4
BRDA:55,11,0,1
BRDA:55,11,1,3
BRDA:65,12,0,1
BRDA:65,12,1,2
BRDA:83,13,0,1
BRDA:83,13,1,1
BRDA:83,14,0,2
BRDA:83,14,1,2
BRDA:96,15,0,1
BRDA:96,15,1,0
BRDA:119,16,0,1
BRDA:119,16,1,0
BRDA:126,17,0,2
BRDA:126,17,1,0
BRDA:127,18,0,0
BRDA:127,18,1,2
BRDA:134,19,0,1
BRDA:134,19,1,1
BRDA:141,20,0,4
BRDA:141,20,1,0
BRDA:142,21,0,0
BRDA:142,21,1,4
BRDA:150,22,0,1
BRDA:150,22,1,3
BRDA:154,23,0,1
BRDA:154,23,1,2
BRDA:158,24,0,1
BRDA:158,24,1,1
BRDA:179,25,0,13
BRDA:179,25,1,0
BRDA:179,25,2,0
BRDA:180,26,0,13
BRDA:180,26,1,0
BRDA:180,26,2,0
BRDA:183,27,0,5
BRDA:183,27,1,8
BRDA:183,28,0,13
BRDA:183,28,1,5
BRDA:184,29,0,1
BRDA:184,29,1,7
BRDA:184,30,0,8
BRDA:184,30,1,3
BRDA:185,31,0,2
BRDA:185,31,1,5
BRDA:185,32,0,7
BRDA:185,32,1,2
BRDA:186,33,0,4
BRDA:186,33,1,1
BRDA:186,34,0,5
BRDA:186,34,1,4
BRDA:190,35,0,0
BRDA:190,35,1,0
BRDA:190,36,0,0
BRDA:190,36,1,0
BRF:78
BRH:59
end_of_record
